Log file open, 12/29/17 19:53:38
LogWindows: Failed to load 'aqProf.dll' (GetLastError=126)
LogWindows: File 'aqProf.dll' does not exist
LogWindows: Failed to load 'VSPerf140.dll' (GetLastError=126)
LogWindows: File 'VSPerf140.dll' does not exist
LogWindows: Failed to load 'VtuneApi.dll' (GetLastError=126)
LogWindows: File 'VtuneApi.dll' does not exist
LogWindows: Failed to load 'VtuneApi32e.dll' (GetLastError=126)
LogWindows: File 'VtuneApi32e.dll' does not exist
LogInit: Display: Running engine for game: BergerstMan
LogPlatformFile: Not using cached read wrapper
LogInit: Display: RandInit(453330773) SRandInit(453330773).
LogInit: Read version file with build ID '3709383'
LogInit: Overriding engine version to CL 3794801, compatible CL 3709383
LogInit: Registered custom module enumerator with build ID '3709383'
LogTaskGraph: Started task graph with 5 named threads and 14 total threads with 3 sets of task threads.
LogStats: Stats thread started at 0.174287
LogD3D11RHI: Aftermath initialized
LogModuleManager: Display: Found up-to-date module file ../../../Engine/Plugins/2D/Paper2D/Binaries/Win64/UE4Editor-Paper2D.dll (API version 3709383).
LogModuleManager: Display: Found up-to-date module file ../../../Engine/Plugins/2D/Paper2D/Binaries/Win64/UE4Editor-Paper2DEditor.dll (API version 3709383).
LogModuleManager: Display: Found up-to-date module file ../../../Engine/Plugins/2D/Paper2D/Binaries/Win64/UE4Editor-PaperSpriteSheetImporter.dll (API version 3709383).
LogModuleManager: Display: Found up-to-date module file ../../../Engine/Plugins/2D/Paper2D/Binaries/Win64/UE4Editor-PaperTiledImporter.dll (API version 3709383).
LogModuleManager: Display: Found up-to-date module file ../../../Engine/Plugins/2D/Paper2D/Binaries/Win64/UE4Editor-SmartSnapping.dll (API version 3709383).
LogModuleManager: Display: Found up-to-date module file ../../../Engine/Plugins/Blendables/LightPropagationVolume/Binaries/Win64/UE4Editor-LightPropagationVolumeRuntime.dll (API version 3709383).
LogModuleManager: Display: Found up-to-date module file ../../../Engine/Plugins/Blendables/LightPropagationVolume/Binaries/Win64/UE4Editor-LightPropagationVolumeEditor.dll (API version 3709383).
LogModuleManager: Display: Found up-to-date module file ../../../Engine/Plugins/Developer/GitSourceControl/Binaries/Win64/UE4Editor-GitSourceControl.dll (API version 3709383).
LogModuleManager: Display: Found up-to-date module file ../../../Engine/Plugins/Developer/PerforceSourceControl/Binaries/Win64/UE4Editor-PerforceSourceControl.dll (API version 3709383).
LogModuleManager: Display: Found up-to-date module file ../../../Engine/Plugins/Developer/SubversionSourceControl/Binaries/Win64/UE4Editor-SubversionSourceControl.dll (API version 3709383).
LogModuleManager: Display: Found up-to-date module file ../../../Engine/Plugins/Developer/UObjectPlugin/Binaries/Win64/UE4Editor-UObjectPlugin.dll (API version 3709383).
LogModuleManager: Display: Found up-to-date module file ../../../Engine/Plugins/Developer/VisualStudioCodeSourceCodeAccess/Binaries/Win64/UE4Editor-VisualStudioCodeSourceCodeAccess.dll (API version 3709383).
LogModuleManager: Display: Found up-to-date module file ../../../Engine/Plugins/Developer/VisualStudioSourceCodeAccess/Binaries/Win64/UE4Editor-VisualStudioSourceCodeAccess.dll (API version 3709383).
LogModuleManager: Display: Found up-to-date module file ../../../Engine/Plugins/Editor/AssetManagerEditor/Binaries/Win64/UE4Editor-AssetManagerEditor.dll (API version 3709383).
LogModuleManager: Display: Found up-to-date module file ../../../Engine/Plugins/Editor/AudioCapture/Binaries/Win64/UE4Editor-AudioCapture.dll (API version 3709383).
LogModuleManager: Display: Found up-to-date module file ../../../Engine/Plugins/Editor/FacialAnimation/Binaries/Win64/UE4Editor-FacialAnimation.dll (API version 3709383).
LogModuleManager: Display: Found up-to-date module file ../../../Engine/Plugins/Editor/FacialAnimation/Binaries/Win64/UE4Editor-FacialAnimationEditor.dll (API version 3709383).
LogModuleManager: Display: Found up-to-date module file ../../../Engine/Plugins/Editor/GameplayTagsEditor/Binaries/Win64/UE4Editor-GameplayTagsEditor.dll (API version 3709383).
LogModuleManager: Display: Found up-to-date module file ../../../Engine/Plugins/Editor/MobileLauncherProfileWizard/Binaries/Win64/UE4Editor-MobileLauncherProfileWizard.dll (API version 3709383).
LogModuleManager: Display: Found up-to-date module file ../../../Engine/Plugins/Editor/PluginBrowser/Binaries/Win64/UE4Editor-PluginBrowser.dll (API version 3709383).
LogModuleManager: Display: Found up-to-date module file ../../../Engine/Plugins/Editor/SpeedTreeImporter/Binaries/Win64/UE4Editor-SpeedTreeImporter.dll (API version 3709383).
LogModuleManager: Display: Found up-to-date module file ../../../Engine/Plugins/Experimental/AlembicImporter/Binaries/Win64/UE4Editor-AlembicImporter.dll (API version 3709383).
LogModuleManager: Display: Found up-to-date module file ../../../Engine/Plugins/Experimental/AlembicImporter/Binaries/Win64/UE4Editor-AlembicLibrary.dll (API version 3709383).
LogModuleManager: Display: Found up-to-date module file ../../../Engine/Plugins/Experimental/CharacterAI/Binaries/Win64/UE4Editor-CharacterAI.dll (API version 3709383).
LogModuleManager: Display: Found up-to-date module file ../../../Engine/Plugins/Experimental/HTML5Networking/Binaries/Win64/UE4Editor-HTML5Networking.dll (API version 3709383).
LogModuleManager: Display: Found up-to-date module file ../../../Engine/Plugins/Media/AndroidMedia/Binaries/Win64/UE4Editor-AndroidMediaEditor.dll (API version 3709383).
LogModuleManager: Display: Found up-to-date module file ../../../Engine/Plugins/Media/AndroidMedia/Binaries/Win64/UE4Editor-AndroidMediaFactory.dll (API version 3709383).
LogModuleManager: Display: Found up-to-date module file ../../../Engine/Plugins/Media/AvfMedia/Binaries/Win64/UE4Editor-AvfMediaEditor.dll (API version 3709383).
LogModuleManager: Display: Found up-to-date module file ../../../Engine/Plugins/Media/AvfMedia/Binaries/Win64/UE4Editor-AvfMediaFactory.dll (API version 3709383).
LogModuleManager: Display: Found up-to-date module file ../../../Engine/Plugins/Media/AvfMedia/Binaries/Win64/UE4Editor-AvfMediaFactory.dll (API version 3709383).
LogModuleManager: Display: Found up-to-date module file ../../../Engine/Plugins/Media/ImgMedia/Binaries/Win64/UE4Editor-ImgMedia.dll (API version 3709383).
LogModuleManager: Display: Found up-to-date module file ../../../Engine/Plugins/Media/ImgMedia/Binaries/Win64/UE4Editor-ImgMediaEditor.dll (API version 3709383).
LogModuleManager: Display: Found up-to-date module file ../../../Engine/Plugins/Media/ImgMedia/Binaries/Win64/UE4Editor-ImgMediaFactory.dll (API version 3709383).
LogModuleManager: Display: Found up-to-date module file ../../../Engine/Plugins/Media/ImgMedia/Binaries/Win64/UE4Editor-ImgMediaFactory.dll (API version 3709383).
LogModuleManager: Display: Found up-to-date module file ../../../Engine/Plugins/Media/ImgMedia/Binaries/Win64/UE4Editor-OpenExrWrapper.dll (API version 3709383).
LogModuleManager: Display: Found up-to-date module file ../../../Engine/Plugins/Media/MediaCompositing/Binaries/Win64/UE4Editor-MediaCompositing.dll (API version 3709383).
LogModuleManager: Display: Found up-to-date module file ../../../Engine/Plugins/Media/MediaCompositing/Binaries/Win64/UE4Editor-MediaCompositingEditor.dll (API version 3709383).
LogModuleManager: Display: Found up-to-date module file ../../../Engine/Plugins/Media/MediaPlayerEditor/Binaries/Win64/UE4Editor-MediaPlayerEditor.dll (API version 3709383).
LogModuleManager: Display: Found up-to-date module file ../../../Engine/Plugins/Media/WmfMedia/Binaries/Win64/UE4Editor-WmfMedia.dll (API version 3709383).
LogModuleManager: Display: Found up-to-date module file ../../../Engine/Plugins/Media/WmfMedia/Binaries/Win64/UE4Editor-WmfMediaEditor.dll (API version 3709383).
LogModuleManager: Display: Found up-to-date module file ../../../Engine/Plugins/Media/WmfMedia/Binaries/Win64/UE4Editor-WmfMediaFactory.dll (API version 3709383).
LogModuleManager: Display: Found up-to-date module file ../../../Engine/Plugins/Media/WmfMedia/Binaries/Win64/UE4Editor-WmfMediaFactory.dll (API version 3709383).
LogModuleManager: Display: Found up-to-date module file ../../../Engine/Plugins/Messaging/TcpMessaging/Binaries/Win64/UE4Editor-TcpMessaging.dll (API version 3709383).
LogModuleManager: Display: Found up-to-date module file ../../../Engine/Plugins/Messaging/UdpMessaging/Binaries/Win64/UE4Editor-UdpMessaging.dll (API version 3709383).
LogModuleManager: Display: Found up-to-date module file ../../../Engine/Plugins/MovieScene/ActorSequence/Binaries/Win64/UE4Editor-ActorSequence.dll (API version 3709383).
LogModuleManager: Display: Found up-to-date module file ../../../Engine/Plugins/MovieScene/LevelSequenceEditor/Binaries/Win64/UE4Editor-LevelSequenceEditor.dll (API version 3709383).
LogModuleManager: Display: Found up-to-date module file ../../../Engine/Plugins/MovieScene/MatineeToLevelSequence/Binaries/Win64/UE4Editor-MatineeToLevelSequence.dll (API version 3709383).
LogModuleManager: Display: Found up-to-date module file ../../../Engine/Plugins/Online/OnlineSubsystem/Binaries/Win64/UE4Editor-OnlineSubsystem.dll (API version 3709383).
LogModuleManager: Display: Found up-to-date module file ../../../Engine/Plugins/Runtime/AndroidPermission/Binaries/Win64/UE4Editor-AndroidPermission.dll (API version 3709383).
LogModuleManager: Display: Found up-to-date module file ../../../Engine/Plugins/Online/OnlineSubsystemNull/Binaries/Win64/UE4Editor-OnlineSubsystemNull.dll (API version 3709383).
LogModuleManager: Display: Found up-to-date module file ../../../Engine/Plugins/Online/OnlineSubsystemUtils/Binaries/Win64/UE4Editor-OnlineSubsystemUtils.dll (API version 3709383).
LogModuleManager: Display: Found up-to-date module file ../../../Engine/Plugins/Online/OnlineSubsystemUtils/Binaries/Win64/UE4Editor-OnlineBlueprintSupport.dll (API version 3709383).
LogModuleManager: Display: Found up-to-date module file ../../../Engine/Plugins/Runtime/AndroidDeviceProfileSelector/Binaries/Win64/UE4Editor-AndroidDeviceProfileSelector.dll (API version 3709383).
LogModuleManager: Display: Found up-to-date module file ../../../Engine/Plugins/Runtime/AppleARKit/Binaries/Win64/UE4Editor-AppleARKit.dll (API version 3709383).
LogModuleManager: Display: Found up-to-date module file ../../../Engine/Plugins/Runtime/ArchVisCharacter/Binaries/Win64/UE4Editor-ArchVisCharacter.dll (API version 3709383).
LogModuleManager: Display: Found up-to-date module file ../../../Engine/Plugins/Runtime/CableComponent/Binaries/Win64/UE4Editor-CableComponent.dll (API version 3709383).
LogModuleManager: Display: Found up-to-date module file ../../../Engine/Plugins/Runtime/CustomMeshComponent/Binaries/Win64/UE4Editor-CustomMeshComponent.dll (API version 3709383).
LogModuleManager: Display: Found up-to-date module file ../../../Engine/Plugins/Runtime/ExampleDeviceProfileSelector/Binaries/Win64/UE4Editor-ExampleDeviceProfileSelector.dll (API version 3709383).
LogModuleManager: Display: Found up-to-date module file ../../../Engine/Plugins/Runtime/ImmediatePhysics/Binaries/Win64/UE4Editor-ImmediatePhysics.dll (API version 3709383).
LogModuleManager: Display: Found up-to-date module file ../../../Engine/Plugins/Runtime/ImmediatePhysics/Binaries/Win64/UE4Editor-ImmediatePhysicsEditor.dll (API version 3709383).
LogModuleManager: Display: Found up-to-date module file ../../../Engine/Plugins/Runtime/LocationServicesBPLibrary/Binaries/Win64/UE4Editor-LocationServicesBPLibrary.dll (API version 3709383).
LogModuleManager: Display: Found up-to-date module file ../../../Engine/Plugins/Runtime/MobilePatchingUtils/Binaries/Win64/UE4Editor-MobilePatchingUtils.dll (API version 3709383).
LogModuleManager: Display: Found up-to-date module file ../../../Engine/Plugins/Runtime/Oculus/OculusVR/Binaries/Win64/UE4Editor-OculusHMD.dll (API version 3709383).
LogModuleManager: Display: Found up-to-date module file ../../../Engine/Plugins/Runtime/Oculus/OculusVR/Binaries/Win64/UE4Editor-OculusInput.dll (API version 3709383).
LogModuleManager: Display: Found up-to-date module file ../../../Engine/Plugins/Runtime/Oculus/OculusVR/Binaries/Win64/UE4Editor-OculusEditor.dll (API version 3709383).
LogModuleManager: Display: Found up-to-date module file ../../../Engine/Plugins/Runtime/PhysXVehicles/Binaries/Win64/UE4Editor-PhysXVehicles.dll (API version 3709383).
LogModuleManager: Display: Found up-to-date module file ../../../Engine/Plugins/Runtime/PhysXVehicles/Binaries/Win64/UE4Editor-PhysXVehiclesEditor.dll (API version 3709383).
LogModuleManager: Display: Found up-to-date module file ../../../Engine/Plugins/Runtime/ProceduralMeshComponent/Binaries/Win64/UE4Editor-ProceduralMeshComponent.dll (API version 3709383).
LogModuleManager: Display: Found up-to-date module file ../../../Engine/Plugins/Runtime/ProceduralMeshComponent/Binaries/Win64/UE4Editor-ProceduralMeshComponentEditor.dll (API version 3709383).
LogModuleManager: Display: Found up-to-date module file ../../../Engine/Plugins/Runtime/RuntimePhysXCooking/Binaries/Win64/UE4Editor-RuntimePhysXCooking.dll (API version 3709383).
LogModuleManager: Display: Found up-to-date module file ../../../Engine/Plugins/Runtime/Steam/SteamVR/Binaries/Win64/UE4Editor-SteamVR.dll (API version 3709383).
LogModuleManager: Display: Found up-to-date module file ../../../Engine/Plugins/Runtime/Steam/SteamVR/Binaries/Win64/UE4Editor-SteamVRController.dll (API version 3709383).
LogModuleManager: Display: Found up-to-date module file ../../../Engine/Plugins/Runtime/WindowsMoviePlayer/Binaries/Win64/UE4Editor-WindowsMoviePlayer.dll (API version 3709383).
LogPluginManager: Mounting plugin Paper2D
LogPluginManager: Mounting plugin LightPropagationVolume
LogPluginManager: Mounting plugin CodeLiteSourceCodeAccess
LogPluginManager: Mounting plugin GitSourceControl
LogPluginManager: Mounting plugin KDevelopSourceCodeAccess
LogPluginManager: Mounting plugin NullSourceCodeAccess
LogPluginManager: Mounting plugin PerforceSourceControl
LogPluginManager: Mounting plugin SubversionSourceControl
LogPluginManager: Mounting plugin UObjectPlugin
LogPluginManager: Mounting plugin VisualStudioCodeSourceCodeAccess
LogPluginManager: Mounting plugin VisualStudioSourceCodeAccess
LogPluginManager: Mounting plugin XCodeSourceCodeAccess
LogPluginManager: Mounting plugin AssetManagerEditor
LogPluginManager: Mounting plugin AudioCapture
LogPluginManager: Mounting plugin FacialAnimation
LogPluginManager: Mounting plugin GameplayTagsEditor
LogPluginManager: Mounting plugin MobileLauncherProfileWizard
LogPluginManager: Mounting plugin PluginBrowser
LogPluginManager: Mounting plugin SpeedTreeImporter
LogPluginManager: Mounting plugin AlembicImporter
LogPluginManager: Mounting plugin CharacterAI
LogPluginManager: Mounting plugin HTML5Networking
LogPluginManager: Mounting plugin AndroidMedia
LogPluginManager: Mounting plugin AvfMedia
LogPluginManager: Mounting plugin ImgMedia
LogPluginManager: Mounting plugin MediaCompositing
LogPluginManager: Mounting plugin MediaPlayerEditor
LogPluginManager: Mounting plugin WmfMedia
LogPluginManager: Mounting plugin TcpMessaging
LogPluginManager: Mounting plugin UdpMessaging
LogPluginManager: Mounting plugin ActorSequence
LogPluginManager: Mounting plugin LevelSequenceEditor
LogPluginManager: Mounting plugin MatineeToLevelSequence
LogPluginManager: Mounting plugin OnlineSubsystemGooglePlay
LogPluginManager: Mounting plugin OnlineSubsystemIOS
LogPluginManager: Mounting plugin OnlineSubsystem
LogPluginManager: Mounting plugin OnlineSubsystemNull
LogPluginManager: Mounting plugin OnlineSubsystemUtils
LogPluginManager: Mounting plugin AndroidDeviceProfileSelector
LogPluginManager: Mounting plugin AndroidMoviePlayer
LogPluginManager: Mounting plugin AndroidPermission
LogPluginManager: Mounting plugin AppleARKit
LogPluginManager: Mounting plugin AppleMoviePlayer
LogPluginManager: Mounting plugin ArchVisCharacter
LogPluginManager: Mounting plugin CableComponent
LogPluginManager: Mounting plugin CustomMeshComponent
LogPluginManager: Mounting plugin ExampleDeviceProfileSelector
LogPluginManager: Mounting plugin GoogleCloudMessaging
LogPluginManager: Mounting plugin ImmediatePhysics
LogPluginManager: Mounting plugin IOSDeviceProfileSelector
LogPluginManager: Mounting plugin LinuxDeviceProfileSelector
LogPluginManager: Mounting plugin LocationServicesBPLibrary
LogPluginManager: Mounting plugin MobilePatchingUtils
LogPluginManager: Mounting plugin OculusVR
LogPluginManager: Plugin shader directory ../../../Engine/Plugins/Runtime/Oculus/OculusVR/Shaders found
LogPluginManager: Mapping shader source directory ../../../Engine/Plugins/Runtime/Oculus/OculusVR/Shaders to virtual directory /Plugin/OculusVR
LogPluginManager: Mounting plugin PhysXVehicles
LogPluginManager: Mounting plugin ProceduralMeshComponent
LogPluginManager: Mounting plugin RuntimePhysXCooking
LogPluginManager: Mounting plugin SteamVR
LogPluginManager: Mounting plugin WindowsMoviePlayer
LogInit: Using libcurl 7.47.1
LogInit:  - built for x86_64-pc-win32
LogInit:  - supports SSL with OpenSSL/1.0.2g
LogInit:  - supports HTTP deflate (compression) using libz 1.2.8
LogInit:  - other features:
LogInit:      CURL_VERSION_SSL
LogInit:      CURL_VERSION_LIBZ
LogInit:      CURL_VERSION_IPV6
LogInit:      CURL_VERSION_ASYNCHDNS
LogInit:      CURL_VERSION_LARGEFILE
LogInit:      CURL_VERSION_IDN
LogInit:  CurlRequestOptions (configurable via config and command line):
LogInit:  - bVerifyPeer = false  - Libcurl will NOT verify peer certificate
LogInit:  - bUseHttpProxy = false  - Libcurl will NOT use HTTP proxy
LogInit:  - bDontReuseConnections = false  - Libcurl will reuse connections
LogInit:  - CertBundlePath = nullptr  - Libcurl will use whatever was configured at build time.
LogInit: Build: ++UE4+Release-4.18-CL-3794801
LogInit: Engine Version: 4.18.2-3794801+++UE4+Release-4.18
LogInit: Compatible Engine Version: 4.18.0-3709383+++UE4+Release-4.18
LogInit: Net CL: 3709383
LogDevObjectVersion: Number of dev versions registered: 16
LogDevObjectVersion:   Dev-Blueprints (B0D832E4-1F89-4F0D-ACCF-7EB736FD4AA2): 10
LogDevObjectVersion:   Dev-Build (E1C64328-A22C-4D53-A36C-8E866417BD8C): 0
LogDevObjectVersion:   Dev-Core (375EC13C-06E4-48FB-B500-84F0262A717E): 2
LogDevObjectVersion:   Dev-Editor (E4B068ED-F494-42E9-A231-DA0B2E46BB41): 20
LogDevObjectVersion:   Dev-Framework (CFFC743F-43B0-4480-9391-14DF171D2073): 30
LogDevObjectVersion:   Dev-Mobile (B02B49B5-BB20-44E9-A304-32B752E40360): 0
LogDevObjectVersion:   Dev-Networking (A4E4105C-59A1-49B5-A7C5-40C4547EDFEE): 0
LogDevObjectVersion:   Dev-Online (39C831C9-5AE6-47DC-9A44-9C173E1C8E7C): 0
LogDevObjectVersion:   Dev-Physics (78F01B33-EBEA-4F98-B9B4-84EACCB95AA2): 0
LogDevObjectVersion:   Dev-Platform (6631380F-2D4D-43E0-8009-CF276956A95A): 0
LogDevObjectVersion:   Dev-Rendering (12F88B9F-8875-4AFC-A67C-D90C383ABD29): 20
LogDevObjectVersion:   Dev-Sequencer (7B5AE74C-D270-4C10-A958-57980B212A5A): 4
LogDevObjectVersion:   Dev-VR (D7296918-1DD6-4BDD-9DE2-64A83CC13884): 0
LogDevObjectVersion:   Dev-LoadTimes (C2A15278-BFE7-4AFE-6C17-90FF531DF755): 1
LogDevObjectVersion:   Private-Geometry (6EACA3D4-40EC-4CC1-B786-8BED09428FC5): 1
LogDevObjectVersion:   Dev-AnimPhys (29E575DD-E0A3-4627-9D10-D276232CDCEA): 12
LogInit: Compiled (64-bit): Dec  8 2017 02:04:53
LogInit: Compiled with Visual C++: 19.00.24215.01
LogInit: Build Configuration: Development
LogInit: Branch Name: ++UE4+Release-4.18
LogInit: Command line: -EpicPortal 
LogInit: Base directory: C:/Program Files/Epic Games/UE_4.18/Engine/Binaries/Win64/
LogInit: Installed Engine Build: 1
LogInit: Presizing for max 8388607 objects, including 0 objects not considered by GC, pre-allocating 0 bytes for permanent pool.
LogInit: Object subsystem initialized
[2017.12.30-00.53.40:206][  0]LogInit: Selected Device Profile: [Windows]
[2017.12.30-00.53.40:207][  0]LogInit: Applying CVar settings loaded from the selected device profile: [Windows]
[2017.12.30-00.53.40:222][  0]LogInit: Computer: DESKTOP-719UQTD
[2017.12.30-00.53.40:222][  0]LogInit: User: Joe
[2017.12.30-00.53.40:222][  0]LogInit: CPU Page size=4096, Cores=4
[2017.12.30-00.53.40:222][  0]LogInit: High frequency timer resolution =3.703122 MHz
[2017.12.30-00.53.40:222][  0]LogMemory: Memory total: Physical=15.9GB (16GB approx)
[2017.12.30-00.53.40:222][  0]LogMemory: Platform Memory Stats for Windows
[2017.12.30-00.53.40:222][  0]LogMemory: Process Physical Memory: 272.22 MB used, 272.22 MB peak
[2017.12.30-00.53.40:222][  0]LogMemory: Process Virtual Memory: 263.68 MB used, 263.68 MB peak
[2017.12.30-00.53.40:222][  0]LogMemory: Physical Memory: 12890.01 MB used,  3425.94 MB free, 16315.95 MB total
[2017.12.30-00.53.40:222][  0]LogMemory: Virtual Memory: 670.56 MB used,  3425.94 MB free, 134217728.00 MB total
[2017.12.30-00.53.40:404][  0]LogInit: Using OS detected language (en-US).
[2017.12.30-00.53.40:404][  0]LogInit: Using OS detected locale (en-US).
[2017.12.30-00.53.40:408][  0]LogTextLocalizationManager: No specific localization for 'en-US' exists, so the 'en' localization will be used.
[2017.12.30-00.53.40:821][  0]LogInit: Setting process to per monitor DPI aware
[2017.12.30-00.53.41:046][  0]LogD3D11RHI: D3D11 adapters:
[2017.12.30-00.53.41:092][  0]LogD3D11RHI:    0. 'NVIDIA GeForce GTX 960' (Feature Level 11_0)
[2017.12.30-00.53.41:092][  0]LogD3D11RHI:       2016/0/8157 MB DedicatedVideo/DedicatedSystem/SharedSystem, Outputs:2, VendorId:0x10de
[2017.12.30-00.53.41:094][  0]LogD3D11RHI:    1. 'Microsoft Basic Render Driver' (Feature Level 11_0)
[2017.12.30-00.53.41:094][  0]LogD3D11RHI:       0/0/8157 MB DedicatedVideo/DedicatedSystem/SharedSystem, Outputs:0, VendorId:0x1414
[2017.12.30-00.53.41:094][  0]LogD3D11RHI: Chosen D3D11 Adapter: 0
[2017.12.30-00.53.41:207][  0]LogD3D11RHI: Creating new Direct3DDevice
[2017.12.30-00.53.41:207][  0]LogD3D11RHI:     GPU DeviceId: 0x1401 (for the marketing name, search the web for "GPU Device Id")
[2017.12.30-00.53.41:207][  0]LogWindows: EnumDisplayDevices:
[2017.12.30-00.53.41:207][  0]LogWindows:    0. 'NVIDIA GeForce GTX 960' (P:1 D:1)
[2017.12.30-00.53.41:208][  0]LogWindows:    1. 'NVIDIA GeForce GTX 960' (P:0 D:1)
[2017.12.30-00.53.41:208][  0]LogWindows:    2. 'NVIDIA GeForce GTX 960' (P:0 D:0)
[2017.12.30-00.53.41:208][  0]LogWindows:    3. 'NVIDIA GeForce GTX 960' (P:0 D:0)
[2017.12.30-00.53.41:208][  0]LogWindows: DebugString: GetVideoDriverDetailsInvalid PrimaryIsNotTheChoosenAdapter GetVideoDriverDetailsInvalid PrimaryIsNotTheChoosenAdapter GetVideoDriverDetailsInvalid PrimaryIsNotTheChoosenAdapter GetVideoDriverDetailsInvalid PrimaryIsNotTheChoosenAdapter FoundDriverCount:0 
[2017.12.30-00.53.41:208][  0]LogD3D11RHI:     Adapter Name: NVIDIA GeForce GTX 960
[2017.12.30-00.53.41:208][  0]LogD3D11RHI:   Driver Version: Unknown (internal:Unknown, unified:Unknown)
[2017.12.30-00.53.41:208][  0]LogD3D11RHI:      Driver Date: Unknown
[2017.12.30-00.53.41:208][  0]LogRHI: Texture pool is 1411 MB (70% of 2016 MB)
[2017.12.30-00.53.41:234][  0]LogD3D11RHI: Async texture creation enabled
[2017.12.30-00.53.41:288][  0]LogD3D11RHI: GPU Timing Frequency: 1000.000000 (Debug: 2 1)
[2017.12.30-00.53.41:337][  0]LogShaderCompilers: Guid format shader working directory is 10 characters bigger than the processId version (D:/Repos/Bergerstman/BergerstMan/Intermediate/Shaders/WorkingDirectory/334768/).
[2017.12.30-00.53.41:337][  0]LogShaderCompilers: Cleaned the shader compiler working directory 'C:/Users/Joe/AppData/Local/Temp/UnrealShaderWorkingDir/E9C998FE4C3A45F4263BDFAF3FA597AE/'.
[2017.12.30-00.53.41:337][  0]LogShaderCompilers: Display: Using Local Shader Compiler.
[2017.12.30-00.53.42:146][  0]LogTemp: Display: Loaded TP AllDesktopTargetPlatform
[2017.12.30-00.53.42:191][  0]LogTemp: Display: Loaded TP MacClientTargetPlatform
[2017.12.30-00.53.42:236][  0]LogTemp: Display: Loaded TP MacNoEditorTargetPlatform
[2017.12.30-00.53.42:284][  0]LogTemp: Display: Loaded TP MacServerTargetPlatform
[2017.12.30-00.53.42:327][  0]LogTemp: Display: Loaded TP MacTargetPlatform
[2017.12.30-00.53.42:374][  0]LogTemp: Display: Loaded TP WindowsClientTargetPlatform
[2017.12.30-00.53.42:415][  0]LogTemp: Display: Loaded TP WindowsNoEditorTargetPlatform
[2017.12.30-00.53.42:460][  0]LogTemp: Display: Loaded TP WindowsServerTargetPlatform
[2017.12.30-00.53.42:498][  0]LogTemp: Display: Loaded TP WindowsTargetPlatform
[2017.12.30-00.53.42:543][  0]LogTemp: Display: Loaded TP Android_ASTCTargetPlatform
[2017.12.30-00.53.42:584][  0]LogTemp: Display: Loaded TP Android_ATCTargetPlatform
[2017.12.30-00.53.42:630][  0]LogTemp: Display: Loaded TP Android_DXTTargetPlatform
[2017.12.30-00.53.42:671][  0]LogTemp: Display: Loaded TP Android_ETC1TargetPlatform
[2017.12.30-00.53.42:714][  0]LogTemp: Display: Loaded TP Android_ETC2TargetPlatform
[2017.12.30-00.53.42:798][  0]LogTemp: Display: Loaded TP Android_MultiTargetPlatform
[2017.12.30-00.53.42:798][  0]LogTemp: Display: Loaded TP Android_PVRTCTargetPlatform
[2017.12.30-00.53.42:845][  0]LogTemp: Display: Loaded TP AndroidTargetPlatform
[2017.12.30-00.53.42:877][  0]LogTemp: Display: Loaded TP HTML5TargetPlatform
[2017.12.30-00.53.42:954][  0]LogTemp: Display: Loaded TP IOSTargetPlatform
[2017.12.30-00.53.42:976][  0]LogTemp: Display: Loaded TP TVOSTargetPlatform
[2017.12.30-00.53.43:018][  0]LogTemp: Display: Loaded TP LinuxClientTargetPlatform
[2017.12.30-00.53.43:063][  0]LogTemp: Display: Loaded TP LinuxNoEditorTargetPlatform
[2017.12.30-00.53.43:106][  0]LogTemp: Display: Loaded TP LinuxServerTargetPlatform
[2017.12.30-00.53.43:153][  0]LogTemp: Display: Loaded TP LinuxTargetPlatform
[2017.12.30-00.53.43:153][  0]LogTargetPlatformManager: Display: Building Assets For Windows
[2017.12.30-00.53.43:567][  0]LogDerivedDataCache: Display: Max Cache Size: 512 MB
[2017.12.30-00.53.43:667][  0]LogDerivedDataCache: Loaded boot cache 0.10s 78MB C:/Users/Joe/AppData/Local/UnrealEngine/4.18/DerivedDataCache/Boot.ddc.
[2017.12.30-00.53.43:667][  0]LogDerivedDataCache: Display: Loaded Boot cache: C:/Users/Joe/AppData/Local/UnrealEngine/4.18/DerivedDataCache/Boot.ddc
[2017.12.30-00.53.43:667][  0]LogDerivedDataCache: FDerivedDataBackendGraph:  Pak pak cache file D:/Repos/Bergerstman/BergerstMan/DerivedDataCache/DDC.ddp not found, will not use a pak cache.
[2017.12.30-00.53.43:667][  0]LogDerivedDataCache: Unable to find inner node Pak for hierarchical cache Hierarchy.
[2017.12.30-00.53.43:667][  0]LogDerivedDataCache: FDerivedDataBackendGraph:  CompressedPak pak cache file D:/Repos/Bergerstman/BergerstMan/DerivedDataCache/Compressed.ddp not found, will not use a pak cache.
[2017.12.30-00.53.43:667][  0]LogDerivedDataCache: Unable to find inner node CompressedPak for hierarchical cache Hierarchy.
[2017.12.30-00.53.43:680][  0]LogDerivedDataCache: Display: Pak cache opened for reading ../../../Engine/DerivedDataCache/Compressed.ddp.
[2017.12.30-00.53.43:692][  0]LogDerivedDataCache: Using Local data cache path C:/Users/Joe/AppData/Local/UnrealEngine/Common/DerivedDataCache: Writable
[2017.12.30-00.53.43:701][  0]LogMaterial: Verifying Global Shaders for PCD3D_SM5
[2017.12.30-00.53.43:702][  0]LogSlate: Using Freetype 2.6.0
[2017.12.30-00.53.43:703][  0]LogSlate: SlateFontCache - WITH_FREETYPE: 1, WITH_HARFBUZZ: 1
[2017.12.30-00.53.43:703][  0]LogSlate: SlateFontCache - WITH_FREETYPE: 1, WITH_HARFBUZZ: 1
[2017.12.30-00.53.44:017][  0]LogInit: Selected Device Profile: [Windows]
[2017.12.30-00.53.44:235][  0]LogSimplygon: Simplygon DLL not present - disabling.
[2017.12.30-00.53.44:271][  0]LogMeshReduction: Using SimplygonSwarm for distributed automatic mesh merging
[2017.12.30-00.53.44:271][  0]LogMeshReduction: Using QuadricMeshReduction for automatic static mesh reduction
[2017.12.30-00.53.44:271][  0]LogMeshReduction: No automatic skeletal mesh reduction module available
[2017.12.30-00.53.44:271][  0]LogMeshReduction: No automatic mesh merging module available
[2017.12.30-00.53.44:271][  0]LogMeshMerging: No automatic mesh merging module available
[2017.12.30-00.53.44:368][  0]LogNetVersion: BergerstMan , NetCL: 3709383, EngineNetVer: 2, GameNetVer: 0 (Checksum: 1353353800)
[2017.12.30-00.53.44:516][  0]LogAssetRegistry: FAssetRegistry took 0.0253 seconds to start up
[2017.12.30-00.53.45:065][  0]LogPackageLocalizationCache: Processed 7 localized package path(s) for 2 prioritized culture(s) in 0.084987 seconds
[2017.12.30-00.53.45:073][  0]LogUObjectArray: 35900 objects as part of root set at end of initial load.
[2017.12.30-00.53.45:073][  0]LogUObjectAllocator: 7372024 out of 0 bytes used by permanent object pool.
[2017.12.30-00.53.45:073][  0]LogUObjectArray: CloseDisregardForGC: 0/0 objects in disregard for GC pool
[2017.12.30-00.53.45:128][  0]LogInit: WinSock: version 1.1 (2.2), MaxSocks=32767, MaxUdp=65467
[2017.12.30-00.53.47:766][  0]LogTcpMessaging: Initializing TcpMessaging bridge
[2017.12.30-00.53.47:805][  0]LogUdpMessaging: Initializing bridge on interface 0.0.0.0:0 to multicast group 230.0.0.1:6666.
[2017.12.30-00.53.48:438][  0]LogMaterial: Uniform references updated for custom material expression Custom.
[2017.12.30-00.53.48:848][  0]SourceControl: Source control is disabled
[2017.12.30-00.53.48:848][  0]SourceControl: Source control is disabled
[2017.12.30-00.53.48:896][  0]SourceControl: Source control is disabled
[2017.12.30-00.53.48:955][  0]SourceControl: Source control is disabled
[2017.12.30-00.53.49:784][  0]LogAndroidPermission: UAndroidPermissionCallbackProxy::GetInstance
[2017.12.30-00.53.50:044][  0]LogOcInput: OculusInput pre-init called
[2017.12.30-00.53.50:311][  0]LogEngine: Initializing Engine...
[2017.12.30-00.53.50:313][  0]LogHMD: Failed to initialize OpenVR with code 110
[2017.12.30-00.53.50:589][  0]LogStats: UGameplayTagsManager::ConstructGameplayTagTree: Construct from data asset -  0.000 s
[2017.12.30-00.53.50:589][  0]LogStats: UGameplayTagsManager::ConstructGameplayTagTree: GameplayTagTreeChangedEvent.Broadcast -  0.000 s
[2017.12.30-00.53.50:707][  0]LogAIModule: Creating AISystem for world Untitled
[2017.12.30-00.53.50:713][  0]LogInit: XAudio2 using 'VX240M-4 (NVIDIA High Definition Audio)' : 2 channels at 48 kHz using 16 bits per sample (channel mask 0x3)
[2017.12.30-00.53.50:728][  0]LogInit: FAudioDevice initialized.
[2017.12.30-00.53.50:847][  0]LogDerivedDataCache: Saved boot cache 0.12s 78MB C:/Users/Joe/AppData/Local/UnrealEngine/4.18/DerivedDataCache/Boot.ddc.
[2017.12.30-00.53.50:870][  0]LogInit: Texture streaming: Enabled
[2017.12.30-00.53.50:966][  0]LogEngineSessionManager: EngineSessionManager initialized
[2017.12.30-00.53.51:185][  0]LogInit: Transaction tracking system initialized
[2017.12.30-00.53.51:508][  0]BlueprintLog: New page: Editor Load
[2017.12.30-00.53.52:321][  0]LocalizationService: Localization service is disabled
[2017.12.30-00.53.53:010][  0]LogConsoleResponse: Display: 
[2017.12.30-00.53.53:239][  0]LogFileCache: Scanning file cache for directory 'D:/Repos/Bergerstman/BergerstMan/Content/' took 0.03s
[2017.12.30-00.53.53:239][  0]LogCook: Display: Max memory allowance for cook 16384mb min free memory 0mb
[2017.12.30-00.53.53:239][  0]LogCook: Display: Mobile HDR setting 1
[2017.12.30-00.53.53:239][  0]LogGameplayTags: Display: UGameplayTagsManager::DoneAddingNativeTags. DelegateIsBound: 0
[2017.12.30-00.53.54:335][  0]SourceControl: Source control is disabled
[2017.12.30-00.53.54:335][  0]Cmd: MAP LOAD FILE="D:/Repos/Bergerstman/BergerstMan/Content/SideScrollerBP/Maps/SideScrollerExampleMap.umap" TEMPLATE=0 SHOWPROGRESS=1 FEATURELEVEL=3
[2017.12.30-00.53.54:335][  0]LightingResults: New page: Lighting Build
[2017.12.30-00.53.54:372][  0]MapCheck: New page: Map Check
[2017.12.30-00.53.54:372][  0]LightingResults: New page: Lighting Build
[2017.12.30-00.53.54:870][  0]LogAIModule: Creating AISystem for world SideScrollerExampleMap
[2017.12.30-00.53.54:909][  0]LogEditorServer: Finished looking for orphan Actors (0.000 secs)
[2017.12.30-00.53.54:922][  0]Cmd: MAP CHECKDEP NOCLEARLOG
[2017.12.30-00.53.54:963][  0]MapCheck: Map check complete: 0 Error(s), 0 Warning(s), took 41.186ms to complete.
[2017.12.30-00.53.54:963][  0]LogFileHelpers: Loading map 'SideScrollerExampleMap' took 0.629
[2017.12.30-00.53.55:165][  0]LogCollectionManager: Loaded 0 collections in 0.001554 seconds
[2017.12.30-00.53.55:269][  0]LogFileCache: Scanning file cache for directory 'D:/Repos/Bergerstman/BergerstMan/Saved/Collections/' took 0.01s
[2017.12.30-00.53.55:269][  0]LogFileCache: Scanning file cache for directory 'D:/Repos/Bergerstman/BergerstMan/Content/Developers/Joe/Collections/' took 0.01s
[2017.12.30-00.53.55:269][  0]LogFileCache: Scanning file cache for directory 'D:/Repos/Bergerstman/BergerstMan/Content/Collections/' took 0.01s
[2017.12.30-00.53.55:269][  0]LogCollectionManager: Rebuilt the GUID cache for 0 collections in 0.000001 seconds
[2017.12.30-00.53.55:280][  0]LogContentBrowser: Native class hierarchy populated in 0.0086 seconds. Added 2363 classes and 519 folders.
[2017.12.30-00.53.55:347][  0]LogContentBrowser: Native class hierarchy updated for 'WidgetCarousel' in 0.0003 seconds. Added 0 classes and 0 folders.
[2017.12.30-00.53.55:746][  0]LogContentBrowser: Native class hierarchy updated for 'AddContentDialog' in 0.0002 seconds. Added 0 classes and 0 folders.
[2017.12.30-00.53.55:797][  0]LogContentBrowser: Native class hierarchy updated for 'SceneOutliner' in 0.0003 seconds. Added 1 classes and 2 folders.
[2017.12.30-00.53.55:884][  0]LogSlate: Took 0.000398 seconds to synchronously load lazily loaded font '../../../Engine/Content/Slate/Fonts/Roboto-Regular.ttf' (155K)
[2017.12.30-00.53.55:886][  0]LogSlate: Took 0.000313 seconds to synchronously load lazily loaded font '../../../Engine/Content/Slate/Fonts/Roboto-Bold.ttf' (160K)
[2017.12.30-00.53.55:906][  0]LogSlate: Took 0.009329 seconds to synchronously load lazily loaded font '../../../Engine/Content/Editor/Slate/Fonts/FontAwesome.ttf' (139K)
[2017.12.30-00.53.56:048][  0]LogRenderer: Reallocating scene render targets to support 1208x600 Format 9 NumSamples 1 (Frame:1).
[2017.12.30-00.53.56:304][  0]LogContentBrowser: Native class hierarchy updated for 'HierarchicalLODOutliner' in 0.0005 seconds. Added 1 classes and 2 folders.
[2017.12.30-00.53.56:304][  0]LogLoad: (Engine Initialization) Total time: 18.63 seconds
[2017.12.30-00.53.56:305][  0]LogLoad: (Engine Initialization) Total Blueprint compile time: 0.00 seconds
[2017.12.30-00.53.56:305][  0]LogExternalProfiler: No external profilers were discovered.  External profiling features will not be available.
[2017.12.30-00.53.56:315][  0]LogWindowsTextInputMethodSystem: Display: IME system now deactivated.
[2017.12.30-00.53.56:331][  0]LogAssetRegistry: Asset discovery search completed in 11.8371 seconds
[2017.12.30-00.53.56:332][  0]LogCollectionManager: Rebuilt the object cache for 0 collections in 0.000000 seconds (found 0 objects)
[2017.12.30-00.53.56:333][  0]LogCollectionManager: Fixed up redirectors for 0 collections in 0.000049 seconds (updated 0 objects)
[2017.12.30-00.53.56:337][  0]LogContentStreaming: Texture pool size now 800 MB
[2017.12.30-00.53.56:396][  0]LogSlate: Took 0.005210 seconds to synchronously load lazily loaded font '../../../Engine/Content/Slate/Fonts/Roboto-Light.ttf' (159K)
[2017.12.30-00.53.57:245][ 80]LogEditorViewport: Clicking on Actor (context menu): StaticMeshActor (Floor)
[2017.12.30-00.53.57:547][ 82]LogSlate: Took 0.000271 seconds to synchronously load lazily loaded font '../../../Engine/Content/Slate/Fonts/Roboto-Light.ttf' (159K)
[2017.12.30-00.54.00:321][367]LogTemp: Repeating last play command: Selected Viewport
[2017.12.30-00.54.00:358][367]LogBlueprintUserMessages: Early PlayInEditor Detection: Level '/Game/SideScrollerBP/Maps/SideScrollerExampleMap.SideScrollerExampleMap:PersistentLevel' has LevelScriptBlueprint '/Game/SideScrollerBP/Maps/SideScrollerExampleMap.SideScrollerExampleMap:PersistentLevel.SideScrollerExampleMap' with GeneratedClass '/Game/SideScrollerBP/Maps/SideScrollerExampleMap.SideScrollerExampleMap_C' with ClassGeneratedBy '/Game/SideScrollerBP/Maps/SideScrollerExampleMap.SideScrollerExampleMap:PersistentLevel.SideScrollerExampleMap'
[2017.12.30-00.54.00:359][367]LogPlayLevel: PlayLevel: No blueprints needed recompiling
[2017.12.30-00.54.00:367][367]PIE: New page: PIE session: SideScrollerExampleMap (Dec 29, 2017, 2:54:00 PM)
[2017.12.30-00.54.00:367][367]LogPlayLevel: Creating play world package: /Game/SideScrollerBP/Maps/UEDPIE_0_SideScrollerExampleMap
[2017.12.30-00.54.00:404][367]LogPlayLevel: PIE: StaticDuplicateObject took: (0.036517s)
[2017.12.30-00.54.00:404][367]LogAIModule: Creating AISystem for world SideScrollerExampleMap
[2017.12.30-00.54.00:404][367]LogPlayLevel: PIE: World Init took: (0.000884s)
[2017.12.30-00.54.00:405][367]LogPlayLevel: PIE: Created PIE world by copying editor world from /Game/SideScrollerBP/Maps/SideScrollerExampleMap.SideScrollerExampleMap to /Game/SideScrollerBP/Maps/UEDPIE_0_SideScrollerExampleMap.SideScrollerExampleMap (0.037764s)
[2017.12.30-00.54.00:424][367]LogInit: XAudio2 using 'VX240M-4 (NVIDIA High Definition Audio)' : 2 channels at 48 kHz using 16 bits per sample (channel mask 0x3)
[2017.12.30-00.54.00:432][367]LogInit: FAudioDevice initialized.
[2017.12.30-00.54.00:480][367]LogLoad: Game class is 'SideScrollerGameMode_C'
[2017.12.30-00.54.00:491][367]LogWorld: Bringing World /Game/SideScrollerBP/Maps/UEDPIE_0_SideScrollerExampleMap.SideScrollerExampleMap up for play (max tick rate 0) at 2017.12.29-19.54.00
[2017.12.30-00.54.00:493][367]LogWorld: Bringing up level for play took: 0.004669
[2017.12.30-00.54.00:541][367]LogContentBrowser: Native class hierarchy updated for 'MovieSceneCapture' in 0.0002 seconds. Added 11 classes and 0 folders.
[2017.12.30-00.54.00:544][367]PIE: Play in editor start time for /Game/SideScrollerBP/Maps/UEDPIE_0_SideScrollerExampleMap 0.971
[2017.12.30-00.54.00:544][367]LogBlueprintUserMessages: Late PlayInEditor Detection: Level '/Game/SideScrollerBP/Maps/SideScrollerExampleMap.SideScrollerExampleMap:PersistentLevel' has LevelScriptBlueprint '/Game/SideScrollerBP/Maps/SideScrollerExampleMap.SideScrollerExampleMap:PersistentLevel.SideScrollerExampleMap' with GeneratedClass '/Game/SideScrollerBP/Maps/SideScrollerExampleMap.SideScrollerExampleMap_C' with ClassGeneratedBy '/Game/SideScrollerBP/Maps/SideScrollerExampleMap.SideScrollerExampleMap:PersistentLevel.SideScrollerExampleMap'
[2017.12.30-00.54.11:476][601]LogBlueprintUserMessages: Early EndPlayMap Detection: Level '/Game/SideScrollerBP/Maps/SideScrollerExampleMap.SideScrollerExampleMap:PersistentLevel' has LevelScriptBlueprint '/Game/SideScrollerBP/Maps/SideScrollerExampleMap.SideScrollerExampleMap:PersistentLevel.SideScrollerExampleMap' with GeneratedClass '/Game/SideScrollerBP/Maps/SideScrollerExampleMap.SideScrollerExampleMap_C' with ClassGeneratedBy '/Game/SideScrollerBP/Maps/SideScrollerExampleMap.SideScrollerExampleMap:PersistentLevel.SideScrollerExampleMap'
[2017.12.30-00.54.11:514][601]LogBlueprintUserMessages: Late EndPlayMap Detection: Level '/Game/SideScrollerBP/Maps/SideScrollerExampleMap.SideScrollerExampleMap:PersistentLevel' has LevelScriptBlueprint '/Game/SideScrollerBP/Maps/SideScrollerExampleMap.SideScrollerExampleMap:PersistentLevel.SideScrollerExampleMap' with GeneratedClass '/Game/SideScrollerBP/Maps/SideScrollerExampleMap.SideScrollerExampleMap_C' with ClassGeneratedBy '/Game/SideScrollerBP/Maps/SideScrollerExampleMap.SideScrollerExampleMap:PersistentLevel.SideScrollerExampleMap'
[2017.12.30-00.54.13:427][814]LogTemp: Repeating last play command: Selected Viewport
[2017.12.30-00.54.13:445][814]LogBlueprintUserMessages: Early PlayInEditor Detection: Level '/Game/SideScrollerBP/Maps/SideScrollerExampleMap.SideScrollerExampleMap:PersistentLevel' has LevelScriptBlueprint '/Game/SideScrollerBP/Maps/SideScrollerExampleMap.SideScrollerExampleMap:PersistentLevel.SideScrollerExampleMap' with GeneratedClass '/Game/SideScrollerBP/Maps/SideScrollerExampleMap.SideScrollerExampleMap_C' with ClassGeneratedBy '/Game/SideScrollerBP/Maps/SideScrollerExampleMap.SideScrollerExampleMap:PersistentLevel.SideScrollerExampleMap'
[2017.12.30-00.54.13:445][814]LogPlayLevel: PlayLevel: No blueprints needed recompiling
[2017.12.30-00.54.13:445][814]PIE: New page: PIE session: SideScrollerExampleMap (Dec 29, 2017, 2:54:13 PM)
[2017.12.30-00.54.13:445][814]LogPlayLevel: Creating play world package: /Game/SideScrollerBP/Maps/UEDPIE_0_SideScrollerExampleMap
[2017.12.30-00.54.13:467][814]LogPlayLevel: PIE: StaticDuplicateObject took: (0.022005s)
[2017.12.30-00.54.13:468][814]LogAIModule: Creating AISystem for world SideScrollerExampleMap
[2017.12.30-00.54.13:468][814]LogPlayLevel: PIE: World Init took: (0.000993s)
[2017.12.30-00.54.13:469][814]LogPlayLevel: PIE: Created PIE world by copying editor world from /Game/SideScrollerBP/Maps/SideScrollerExampleMap.SideScrollerExampleMap to /Game/SideScrollerBP/Maps/UEDPIE_0_SideScrollerExampleMap.SideScrollerExampleMap (0.023347s)
[2017.12.30-00.54.13:485][814]LogInit: XAudio2 using 'VX240M-4 (NVIDIA High Definition Audio)' : 2 channels at 48 kHz using 16 bits per sample (channel mask 0x3)
[2017.12.30-00.54.13:494][814]LogInit: FAudioDevice initialized.
[2017.12.30-00.54.13:524][814]LogLoad: Game class is 'SideScrollerGameMode_C'
[2017.12.30-00.54.13:527][814]LogWorld: Bringing World /Game/SideScrollerBP/Maps/UEDPIE_0_SideScrollerExampleMap.SideScrollerExampleMap up for play (max tick rate 0) at 2017.12.29-19.54.13
[2017.12.30-00.54.13:527][814]LogWorld: Bringing up level for play took: 0.002751
[2017.12.30-00.54.13:528][814]PIE: Play in editor start time for /Game/SideScrollerBP/Maps/UEDPIE_0_SideScrollerExampleMap -0.045
[2017.12.30-00.54.13:529][814]LogBlueprintUserMessages: Late PlayInEditor Detection: Level '/Game/SideScrollerBP/Maps/SideScrollerExampleMap.SideScrollerExampleMap:PersistentLevel' has LevelScriptBlueprint '/Game/SideScrollerBP/Maps/SideScrollerExampleMap.SideScrollerExampleMap:PersistentLevel.SideScrollerExampleMap' with GeneratedClass '/Game/SideScrollerBP/Maps/SideScrollerExampleMap.SideScrollerExampleMap_C' with ClassGeneratedBy '/Game/SideScrollerBP/Maps/SideScrollerExampleMap.SideScrollerExampleMap:PersistentLevel.SideScrollerExampleMap'
[2017.12.30-00.54.19:663][523]LogBlueprintUserMessages: Early EndPlayMap Detection: Level '/Game/SideScrollerBP/Maps/SideScrollerExampleMap.SideScrollerExampleMap:PersistentLevel' has LevelScriptBlueprint '/Game/SideScrollerBP/Maps/SideScrollerExampleMap.SideScrollerExampleMap:PersistentLevel.SideScrollerExampleMap' with GeneratedClass '/Game/SideScrollerBP/Maps/SideScrollerExampleMap.SideScrollerExampleMap_C' with ClassGeneratedBy '/Game/SideScrollerBP/Maps/SideScrollerExampleMap.SideScrollerExampleMap:PersistentLevel.SideScrollerExampleMap'
[2017.12.30-00.54.19:695][523]LogBlueprintUserMessages: Late EndPlayMap Detection: Level '/Game/SideScrollerBP/Maps/SideScrollerExampleMap.SideScrollerExampleMap:PersistentLevel' has LevelScriptBlueprint '/Game/SideScrollerBP/Maps/SideScrollerExampleMap.SideScrollerExampleMap:PersistentLevel.SideScrollerExampleMap' with GeneratedClass '/Game/SideScrollerBP/Maps/SideScrollerExampleMap.SideScrollerExampleMap_C' with ClassGeneratedBy '/Game/SideScrollerBP/Maps/SideScrollerExampleMap.SideScrollerExampleMap:PersistentLevel.SideScrollerExampleMap'
[2017.12.30-00.54.22:293][816]LogTemp: Repeating last play command: Selected Viewport
[2017.12.30-00.54.22:313][816]LogBlueprintUserMessages: Early PlayInEditor Detection: Level '/Game/SideScrollerBP/Maps/SideScrollerExampleMap.SideScrollerExampleMap:PersistentLevel' has LevelScriptBlueprint '/Game/SideScrollerBP/Maps/SideScrollerExampleMap.SideScrollerExampleMap:PersistentLevel.SideScrollerExampleMap' with GeneratedClass '/Game/SideScrollerBP/Maps/SideScrollerExampleMap.SideScrollerExampleMap_C' with ClassGeneratedBy '/Game/SideScrollerBP/Maps/SideScrollerExampleMap.SideScrollerExampleMap:PersistentLevel.SideScrollerExampleMap'
[2017.12.30-00.54.22:313][816]LogPlayLevel: PlayLevel: No blueprints needed recompiling
[2017.12.30-00.54.22:313][816]PIE: New page: PIE session: SideScrollerExampleMap (Dec 29, 2017, 2:54:22 PM)
[2017.12.30-00.54.22:313][816]LogPlayLevel: Creating play world package: /Game/SideScrollerBP/Maps/UEDPIE_0_SideScrollerExampleMap
[2017.12.30-00.54.22:337][816]LogPlayLevel: PIE: StaticDuplicateObject took: (0.023597s)
[2017.12.30-00.54.22:338][816]LogAIModule: Creating AISystem for world SideScrollerExampleMap
[2017.12.30-00.54.22:338][816]LogPlayLevel: PIE: World Init took: (0.000811s)
[2017.12.30-00.54.22:338][816]LogPlayLevel: PIE: Created PIE world by copying editor world from /Game/SideScrollerBP/Maps/SideScrollerExampleMap.SideScrollerExampleMap to /Game/SideScrollerBP/Maps/UEDPIE_0_SideScrollerExampleMap.SideScrollerExampleMap (0.024670s)
[2017.12.30-00.54.22:355][816]LogInit: XAudio2 using 'VX240M-4 (NVIDIA High Definition Audio)' : 2 channels at 48 kHz using 16 bits per sample (channel mask 0x3)
[2017.12.30-00.54.22:368][816]LogInit: FAudioDevice initialized.
[2017.12.30-00.54.22:401][816]LogLoad: Game class is 'SideScrollerGameMode_C'
[2017.12.30-00.54.22:403][816]LogWorld: Bringing World /Game/SideScrollerBP/Maps/UEDPIE_0_SideScrollerExampleMap.SideScrollerExampleMap up for play (max tick rate 0) at 2017.12.29-19.54.22
[2017.12.30-00.54.22:404][816]LogWorld: Bringing up level for play took: 0.002252
[2017.12.30-00.54.22:405][816]PIE: Play in editor start time for /Game/SideScrollerBP/Maps/UEDPIE_0_SideScrollerExampleMap 0.832
[2017.12.30-00.54.22:406][816]LogBlueprintUserMessages: Late PlayInEditor Detection: Level '/Game/SideScrollerBP/Maps/SideScrollerExampleMap.SideScrollerExampleMap:PersistentLevel' has LevelScriptBlueprint '/Game/SideScrollerBP/Maps/SideScrollerExampleMap.SideScrollerExampleMap:PersistentLevel.SideScrollerExampleMap' with GeneratedClass '/Game/SideScrollerBP/Maps/SideScrollerExampleMap.SideScrollerExampleMap_C' with ClassGeneratedBy '/Game/SideScrollerBP/Maps/SideScrollerExampleMap.SideScrollerExampleMap:PersistentLevel.SideScrollerExampleMap'
[2017.12.30-00.54.33:654][129]LogBlueprintUserMessages: Early EndPlayMap Detection: Level '/Game/SideScrollerBP/Maps/SideScrollerExampleMap.SideScrollerExampleMap:PersistentLevel' has LevelScriptBlueprint '/Game/SideScrollerBP/Maps/SideScrollerExampleMap.SideScrollerExampleMap:PersistentLevel.SideScrollerExampleMap' with GeneratedClass '/Game/SideScrollerBP/Maps/SideScrollerExampleMap.SideScrollerExampleMap_C' with ClassGeneratedBy '/Game/SideScrollerBP/Maps/SideScrollerExampleMap.SideScrollerExampleMap:PersistentLevel.SideScrollerExampleMap'
[2017.12.30-00.54.33:690][129]LogBlueprintUserMessages: Late EndPlayMap Detection: Level '/Game/SideScrollerBP/Maps/SideScrollerExampleMap.SideScrollerExampleMap:PersistentLevel' has LevelScriptBlueprint '/Game/SideScrollerBP/Maps/SideScrollerExampleMap.SideScrollerExampleMap:PersistentLevel.SideScrollerExampleMap' with GeneratedClass '/Game/SideScrollerBP/Maps/SideScrollerExampleMap.SideScrollerExampleMap_C' with ClassGeneratedBy '/Game/SideScrollerBP/Maps/SideScrollerExampleMap.SideScrollerExampleMap:PersistentLevel.SideScrollerExampleMap'
[2017.12.30-00.54.51:419][ 35]LogSlate: Took 0.000215 seconds to synchronously load lazily loaded font '../../../Engine/Content/Slate/Fonts/Roboto-Light.ttf' (159K)
[2017.12.30-00.54.51:726][ 35]LogContentBrowser: Native class hierarchy updated for 'BlueprintGraph' in 0.0006 seconds. Added 116 classes and 0 folders.
[2017.12.30-00.54.52:293][ 35]LogSlate: Took 0.000131 seconds to synchronously load lazily loaded font '../../../Engine/Content/Slate/Fonts/Roboto-Regular.ttf' (155K)
[2017.12.30-00.54.52:407][ 35]LogSlate: Took 0.006015 seconds to synchronously load lazily loaded font '../../../Engine/Content/Editor/Slate/Fonts/Roboto-BoldCondensed.ttf' (158K)
[2017.12.30-00.54.52:558][ 36]LogSlate: Took 0.005635 seconds to synchronously load lazily loaded font '../../../Engine/Content/Editor/Slate/Fonts/Roboto-Italic.ttf' (157K)
[2017.12.30-00.56.06:850][761]LogSlate: Took 0.005262 seconds to synchronously load lazily loaded font '../../../Engine/Content/Editor/Slate/Fonts/Roboto-BoldCondensedItalic.ttf' (160K)
[2017.12.30-00.59.33:284][617]LogSelectionDetails: Warning: NavigateToFunctionSource:  Unable to find symbols for 'ACharacter::Jump' [Element not found.]
[2017.12.30-00.59.52:942][768]BlueprintLog: New page: Compile SideScrollerCharacter
[2017.12.30-00.59.56:020][998]LogTemp: Repeating last play command: Selected Viewport
[2017.12.30-00.59.56:046][998]LogBlueprintUserMessages: Early PlayInEditor Detection: Level '/Game/SideScrollerBP/Maps/SideScrollerExampleMap.SideScrollerExampleMap:PersistentLevel' has LevelScriptBlueprint '/Game/SideScrollerBP/Maps/SideScrollerExampleMap.SideScrollerExampleMap:PersistentLevel.SideScrollerExampleMap' with GeneratedClass '/Game/SideScrollerBP/Maps/SideScrollerExampleMap.SideScrollerExampleMap_C' with ClassGeneratedBy '/Game/SideScrollerBP/Maps/SideScrollerExampleMap.SideScrollerExampleMap:PersistentLevel.SideScrollerExampleMap'
[2017.12.30-00.59.56:046][998]LogPlayLevel: PlayLevel: No blueprints needed recompiling
[2017.12.30-00.59.56:046][998]PIE: New page: PIE session: SideScrollerExampleMap (Dec 29, 2017, 2:59:56 PM)
[2017.12.30-00.59.56:046][998]LogPlayLevel: Creating play world package: /Game/SideScrollerBP/Maps/UEDPIE_0_SideScrollerExampleMap
[2017.12.30-00.59.56:068][998]LogPlayLevel: PIE: StaticDuplicateObject took: (0.022490s)
[2017.12.30-00.59.56:069][998]LogAIModule: Creating AISystem for world SideScrollerExampleMap
[2017.12.30-00.59.56:070][998]LogPlayLevel: PIE: World Init took: (0.001207s)
[2017.12.30-00.59.56:070][998]LogPlayLevel: PIE: Created PIE world by copying editor world from /Game/SideScrollerBP/Maps/SideScrollerExampleMap.SideScrollerExampleMap to /Game/SideScrollerBP/Maps/UEDPIE_0_SideScrollerExampleMap.SideScrollerExampleMap (0.024252s)
[2017.12.30-00.59.56:094][998]LogInit: XAudio2 using 'VX240M-4 (NVIDIA High Definition Audio)' : 2 channels at 48 kHz using 16 bits per sample (channel mask 0x3)
[2017.12.30-00.59.56:101][998]LogInit: FAudioDevice initialized.
[2017.12.30-00.59.56:135][998]LogLoad: Game class is 'SideScrollerGameMode_C'
[2017.12.30-00.59.56:138][998]LogWorld: Bringing World /Game/SideScrollerBP/Maps/UEDPIE_0_SideScrollerExampleMap.SideScrollerExampleMap up for play (max tick rate 0) at 2017.12.29-19.59.56
[2017.12.30-00.59.56:138][998]LogWorld: Bringing up level for play took: 0.002401
[2017.12.30-00.59.56:140][998]PIE: Play in editor start time for /Game/SideScrollerBP/Maps/UEDPIE_0_SideScrollerExampleMap 0.566
[2017.12.30-00.59.56:140][998]LogBlueprintUserMessages: Late PlayInEditor Detection: Level '/Game/SideScrollerBP/Maps/SideScrollerExampleMap.SideScrollerExampleMap:PersistentLevel' has LevelScriptBlueprint '/Game/SideScrollerBP/Maps/SideScrollerExampleMap.SideScrollerExampleMap:PersistentLevel.SideScrollerExampleMap' with GeneratedClass '/Game/SideScrollerBP/Maps/SideScrollerExampleMap.SideScrollerExampleMap_C' with ClassGeneratedBy '/Game/SideScrollerBP/Maps/SideScrollerExampleMap.SideScrollerExampleMap:PersistentLevel.SideScrollerExampleMap'
[2017.12.30-00.59.58:695][212]LogBlueprintUserMessages: Early EndPlayMap Detection: Level '/Game/SideScrollerBP/Maps/SideScrollerExampleMap.SideScrollerExampleMap:PersistentLevel' has LevelScriptBlueprint '/Game/SideScrollerBP/Maps/SideScrollerExampleMap.SideScrollerExampleMap:PersistentLevel.SideScrollerExampleMap' with GeneratedClass '/Game/SideScrollerBP/Maps/SideScrollerExampleMap.SideScrollerExampleMap_C' with ClassGeneratedBy '/Game/SideScrollerBP/Maps/SideScrollerExampleMap.SideScrollerExampleMap:PersistentLevel.SideScrollerExampleMap'
[2017.12.30-00.59.58:737][212]LogBlueprintUserMessages: Late EndPlayMap Detection: Level '/Game/SideScrollerBP/Maps/SideScrollerExampleMap.SideScrollerExampleMap:PersistentLevel' has LevelScriptBlueprint '/Game/SideScrollerBP/Maps/SideScrollerExampleMap.SideScrollerExampleMap:PersistentLevel.SideScrollerExampleMap' with GeneratedClass '/Game/SideScrollerBP/Maps/SideScrollerExampleMap.SideScrollerExampleMap_C' with ClassGeneratedBy '/Game/SideScrollerBP/Maps/SideScrollerExampleMap.SideScrollerExampleMap:PersistentLevel.SideScrollerExampleMap'
[2017.12.30-01.00.01:618][366]LogTemp: Repeating last play command: Selected Viewport
[2017.12.30-01.00.01:636][366]LogBlueprintUserMessages: Early PlayInEditor Detection: Level '/Game/SideScrollerBP/Maps/SideScrollerExampleMap.SideScrollerExampleMap:PersistentLevel' has LevelScriptBlueprint '/Game/SideScrollerBP/Maps/SideScrollerExampleMap.SideScrollerExampleMap:PersistentLevel.SideScrollerExampleMap' with GeneratedClass '/Game/SideScrollerBP/Maps/SideScrollerExampleMap.SideScrollerExampleMap_C' with ClassGeneratedBy '/Game/SideScrollerBP/Maps/SideScrollerExampleMap.SideScrollerExampleMap:PersistentLevel.SideScrollerExampleMap'
[2017.12.30-01.00.01:636][366]LogPlayLevel: PlayLevel: No blueprints needed recompiling
[2017.12.30-01.00.01:637][366]PIE: New page: PIE session: SideScrollerExampleMap (Dec 29, 2017, 3:00:01 PM)
[2017.12.30-01.00.01:637][366]LogPlayLevel: Creating play world package: /Game/SideScrollerBP/Maps/UEDPIE_0_SideScrollerExampleMap
[2017.12.30-01.00.01:656][366]LogPlayLevel: PIE: StaticDuplicateObject took: (0.019528s)
[2017.12.30-01.00.01:657][366]LogAIModule: Creating AISystem for world SideScrollerExampleMap
[2017.12.30-01.00.01:657][366]LogPlayLevel: PIE: World Init took: (0.001080s)
[2017.12.30-01.00.01:658][366]LogPlayLevel: PIE: Created PIE world by copying editor world from /Game/SideScrollerBP/Maps/SideScrollerExampleMap.SideScrollerExampleMap to /Game/SideScrollerBP/Maps/UEDPIE_0_SideScrollerExampleMap.SideScrollerExampleMap (0.020953s)
[2017.12.30-01.00.01:682][366]LogInit: XAudio2 using 'VX240M-4 (NVIDIA High Definition Audio)' : 2 channels at 48 kHz using 16 bits per sample (channel mask 0x3)
[2017.12.30-01.00.01:709][366]LogInit: FAudioDevice initialized.
[2017.12.30-01.00.01:746][366]LogLoad: Game class is 'SideScrollerGameMode_C'
[2017.12.30-01.00.01:748][366]LogWorld: Bringing World /Game/SideScrollerBP/Maps/UEDPIE_0_SideScrollerExampleMap.SideScrollerExampleMap up for play (max tick rate 0) at 2017.12.29-20.00.01
[2017.12.30-01.00.01:748][366]LogWorld: Bringing up level for play took: 0.001746
[2017.12.30-01.00.01:749][366]PIE: Play in editor start time for /Game/SideScrollerBP/Maps/UEDPIE_0_SideScrollerExampleMap 0.176
[2017.12.30-01.00.01:750][366]LogBlueprintUserMessages: Late PlayInEditor Detection: Level '/Game/SideScrollerBP/Maps/SideScrollerExampleMap.SideScrollerExampleMap:PersistentLevel' has LevelScriptBlueprint '/Game/SideScrollerBP/Maps/SideScrollerExampleMap.SideScrollerExampleMap:PersistentLevel.SideScrollerExampleMap' with GeneratedClass '/Game/SideScrollerBP/Maps/SideScrollerExampleMap.SideScrollerExampleMap_C' with ClassGeneratedBy '/Game/SideScrollerBP/Maps/SideScrollerExampleMap.SideScrollerExampleMap:PersistentLevel.SideScrollerExampleMap'
[2017.12.30-01.00.15:032][568]LogBlueprintUserMessages: Early EndPlayMap Detection: Level '/Game/SideScrollerBP/Maps/SideScrollerExampleMap.SideScrollerExampleMap:PersistentLevel' has LevelScriptBlueprint '/Game/SideScrollerBP/Maps/SideScrollerExampleMap.SideScrollerExampleMap:PersistentLevel.SideScrollerExampleMap' with GeneratedClass '/Game/SideScrollerBP/Maps/SideScrollerExampleMap.SideScrollerExampleMap_C' with ClassGeneratedBy '/Game/SideScrollerBP/Maps/SideScrollerExampleMap.SideScrollerExampleMap:PersistentLevel.SideScrollerExampleMap'
[2017.12.30-01.00.15:071][568]LogBlueprintUserMessages: Late EndPlayMap Detection: Level '/Game/SideScrollerBP/Maps/SideScrollerExampleMap.SideScrollerExampleMap:PersistentLevel' has LevelScriptBlueprint '/Game/SideScrollerBP/Maps/SideScrollerExampleMap.SideScrollerExampleMap:PersistentLevel.SideScrollerExampleMap' with GeneratedClass '/Game/SideScrollerBP/Maps/SideScrollerExampleMap.SideScrollerExampleMap_C' with ClassGeneratedBy '/Game/SideScrollerBP/Maps/SideScrollerExampleMap.SideScrollerExampleMap:PersistentLevel.SideScrollerExampleMap'
[2017.12.30-01.00.20:532][ 25]LogTemp: Repeating last play command: Selected Viewport
[2017.12.30-01.00.20:547][ 25]LogBlueprintUserMessages: Early PlayInEditor Detection: Level '/Game/SideScrollerBP/Maps/SideScrollerExampleMap.SideScrollerExampleMap:PersistentLevel' has LevelScriptBlueprint '/Game/SideScrollerBP/Maps/SideScrollerExampleMap.SideScrollerExampleMap:PersistentLevel.SideScrollerExampleMap' with GeneratedClass '/Game/SideScrollerBP/Maps/SideScrollerExampleMap.SideScrollerExampleMap_C' with ClassGeneratedBy '/Game/SideScrollerBP/Maps/SideScrollerExampleMap.SideScrollerExampleMap:PersistentLevel.SideScrollerExampleMap'
[2017.12.30-01.00.20:547][ 25]BlueprintLog: New page: Pre-Play auto-recompile
[2017.12.30-01.00.20:552][ 25]LogPlayLevel: [PlayLevel] Compiling SideScrollerCharacter before play...
[2017.12.30-01.00.20:886][ 25]LogPlayLevel: PlayLevel: Blueprint regeneration took 338 ms (1 blueprints)
[2017.12.30-01.00.20:886][ 25]PIE: New page: PIE session: SideScrollerExampleMap (Dec 29, 2017, 3:00:20 PM)
[2017.12.30-01.00.20:886][ 25]LogPlayLevel: Creating play world package: /Game/SideScrollerBP/Maps/UEDPIE_0_SideScrollerExampleMap
[2017.12.30-01.00.20:902][ 25]LogPlayLevel: PIE: StaticDuplicateObject took: (0.016464s)
[2017.12.30-01.00.20:904][ 25]LogAIModule: Creating AISystem for world SideScrollerExampleMap
[2017.12.30-01.00.20:904][ 25]LogPlayLevel: PIE: World Init took: (0.001542s)
[2017.12.30-01.00.20:904][ 25]LogPlayLevel: PIE: Created PIE world by copying editor world from /Game/SideScrollerBP/Maps/SideScrollerExampleMap.SideScrollerExampleMap to /Game/SideScrollerBP/Maps/UEDPIE_0_SideScrollerExampleMap.SideScrollerExampleMap (0.018482s)
[2017.12.30-01.00.20:930][ 25]LogInit: XAudio2 using 'VX240M-4 (NVIDIA High Definition Audio)' : 2 channels at 48 kHz using 16 bits per sample (channel mask 0x3)
[2017.12.30-01.00.20:935][ 25]LogInit: FAudioDevice initialized.
[2017.12.30-01.00.20:964][ 25]LogLoad: Game class is 'SideScrollerGameMode_C'
[2017.12.30-01.00.20:966][ 25]LogWorld: Bringing World /Game/SideScrollerBP/Maps/UEDPIE_0_SideScrollerExampleMap.SideScrollerExampleMap up for play (max tick rate 0) at 2017.12.29-20.00.20
[2017.12.30-01.00.20:966][ 25]LogWorld: Bringing up level for play took: 0.001457
[2017.12.30-01.00.20:967][ 25]PIE: Play in editor start time for /Game/SideScrollerBP/Maps/UEDPIE_0_SideScrollerExampleMap 1.394
[2017.12.30-01.00.20:967][ 25]LogBlueprintUserMessages: Late PlayInEditor Detection: Level '/Game/SideScrollerBP/Maps/SideScrollerExampleMap.SideScrollerExampleMap:PersistentLevel' has LevelScriptBlueprint '/Game/SideScrollerBP/Maps/SideScrollerExampleMap.SideScrollerExampleMap:PersistentLevel.SideScrollerExampleMap' with GeneratedClass '/Game/SideScrollerBP/Maps/SideScrollerExampleMap.SideScrollerExampleMap_C' with ClassGeneratedBy '/Game/SideScrollerBP/Maps/SideScrollerExampleMap.SideScrollerExampleMap:PersistentLevel.SideScrollerExampleMap'
[2017.12.30-01.00.24:573][353]LogBlueprintUserMessages: Early EndPlayMap Detection: Level '/Game/SideScrollerBP/Maps/SideScrollerExampleMap.SideScrollerExampleMap:PersistentLevel' has LevelScriptBlueprint '/Game/SideScrollerBP/Maps/SideScrollerExampleMap.SideScrollerExampleMap:PersistentLevel.SideScrollerExampleMap' with GeneratedClass '/Game/SideScrollerBP/Maps/SideScrollerExampleMap.SideScrollerExampleMap_C' with ClassGeneratedBy '/Game/SideScrollerBP/Maps/SideScrollerExampleMap.SideScrollerExampleMap:PersistentLevel.SideScrollerExampleMap'
[2017.12.30-01.00.24:611][353]LogBlueprintUserMessages: Late EndPlayMap Detection: Level '/Game/SideScrollerBP/Maps/SideScrollerExampleMap.SideScrollerExampleMap:PersistentLevel' has LevelScriptBlueprint '/Game/SideScrollerBP/Maps/SideScrollerExampleMap.SideScrollerExampleMap:PersistentLevel.SideScrollerExampleMap' with GeneratedClass '/Game/SideScrollerBP/Maps/SideScrollerExampleMap.SideScrollerExampleMap_C' with ClassGeneratedBy '/Game/SideScrollerBP/Maps/SideScrollerExampleMap.SideScrollerExampleMap:PersistentLevel.SideScrollerExampleMap'
[2017.12.30-01.03.48:325][880]LogSelectionDetails: Warning: NavigateToFunctionSource:  Unable to find symbols for 'UKismetMathLibrary::Add_IntInt' [Element not found.]
[2017.12.30-01.04.52:059][228]BlueprintLog: New page: Compile SideScrollerCharacter
[2017.12.30-01.04.59:258][746]BlueprintLog: New page: Compile SideScrollerCharacter
[2017.12.30-01.05.09:028][440]BlueprintLog: New page: Compile SideScrollerCharacter
[2017.12.30-01.05.12:507][672]LogTemp: Repeating last play command: Selected Viewport
[2017.12.30-01.05.12:535][672]LogBlueprintUserMessages: Early PlayInEditor Detection: Level '/Game/SideScrollerBP/Maps/SideScrollerExampleMap.SideScrollerExampleMap:PersistentLevel' has LevelScriptBlueprint '/Game/SideScrollerBP/Maps/SideScrollerExampleMap.SideScrollerExampleMap:PersistentLevel.SideScrollerExampleMap' with GeneratedClass '/Game/SideScrollerBP/Maps/SideScrollerExampleMap.SideScrollerExampleMap_C' with ClassGeneratedBy '/Game/SideScrollerBP/Maps/SideScrollerExampleMap.SideScrollerExampleMap:PersistentLevel.SideScrollerExampleMap'
[2017.12.30-01.05.12:535][672]LogPlayLevel: PlayLevel: No blueprints needed recompiling
[2017.12.30-01.05.12:535][672]PIE: New page: PIE session: SideScrollerExampleMap (Dec 29, 2017, 3:05:12 PM)
[2017.12.30-01.05.12:535][672]LogPlayLevel: Creating play world package: /Game/SideScrollerBP/Maps/UEDPIE_0_SideScrollerExampleMap
[2017.12.30-01.05.12:557][672]LogPlayLevel: PIE: StaticDuplicateObject took: (0.021400s)
[2017.12.30-01.05.12:558][672]LogAIModule: Creating AISystem for world SideScrollerExampleMap
[2017.12.30-01.05.12:558][672]LogPlayLevel: PIE: World Init took: (0.001178s)
[2017.12.30-01.05.12:558][672]LogPlayLevel: PIE: Created PIE world by copying editor world from /Game/SideScrollerBP/Maps/SideScrollerExampleMap.SideScrollerExampleMap to /Game/SideScrollerBP/Maps/UEDPIE_0_SideScrollerExampleMap.SideScrollerExampleMap (0.022981s)
[2017.12.30-01.05.12:585][672]LogInit: XAudio2 using 'VX240M-4 (NVIDIA High Definition Audio)' : 2 channels at 48 kHz using 16 bits per sample (channel mask 0x3)
[2017.12.30-01.05.12:591][672]LogInit: FAudioDevice initialized.
[2017.12.30-01.05.12:622][672]LogLoad: Game class is 'SideScrollerGameMode_C'
[2017.12.30-01.05.12:624][672]LogWorld: Bringing World /Game/SideScrollerBP/Maps/UEDPIE_0_SideScrollerExampleMap.SideScrollerExampleMap up for play (max tick rate 0) at 2017.12.29-20.05.12
[2017.12.30-01.05.12:625][672]LogWorld: Bringing up level for play took: 0.001911
[2017.12.30-01.05.12:626][672]PIE: Play in editor start time for /Game/SideScrollerBP/Maps/UEDPIE_0_SideScrollerExampleMap 1.052
[2017.12.30-01.05.12:626][672]LogBlueprintUserMessages: Late PlayInEditor Detection: Level '/Game/SideScrollerBP/Maps/SideScrollerExampleMap.SideScrollerExampleMap:PersistentLevel' has LevelScriptBlueprint '/Game/SideScrollerBP/Maps/SideScrollerExampleMap.SideScrollerExampleMap:PersistentLevel.SideScrollerExampleMap' with GeneratedClass '/Game/SideScrollerBP/Maps/SideScrollerExampleMap.SideScrollerExampleMap_C' with ClassGeneratedBy '/Game/SideScrollerBP/Maps/SideScrollerExampleMap.SideScrollerExampleMap:PersistentLevel.SideScrollerExampleMap'
[2017.12.30-01.05.14:212][786]LogBlueprintUserMessages: Early EndPlayMap Detection: Level '/Game/SideScrollerBP/Maps/SideScrollerExampleMap.SideScrollerExampleMap:PersistentLevel' has LevelScriptBlueprint '/Game/SideScrollerBP/Maps/SideScrollerExampleMap.SideScrollerExampleMap:PersistentLevel.SideScrollerExampleMap' with GeneratedClass '/Game/SideScrollerBP/Maps/SideScrollerExampleMap.SideScrollerExampleMap_C' with ClassGeneratedBy '/Game/SideScrollerBP/Maps/SideScrollerExampleMap.SideScrollerExampleMap:PersistentLevel.SideScrollerExampleMap'
[2017.12.30-01.05.14:256][786]LogBlueprintUserMessages: Late EndPlayMap Detection: Level '/Game/SideScrollerBP/Maps/SideScrollerExampleMap.SideScrollerExampleMap:PersistentLevel' has LevelScriptBlueprint '/Game/SideScrollerBP/Maps/SideScrollerExampleMap.SideScrollerExampleMap:PersistentLevel.SideScrollerExampleMap' with GeneratedClass '/Game/SideScrollerBP/Maps/SideScrollerExampleMap.SideScrollerExampleMap_C' with ClassGeneratedBy '/Game/SideScrollerBP/Maps/SideScrollerExampleMap.SideScrollerExampleMap:PersistentLevel.SideScrollerExampleMap'
[2017.12.30-01.05.17:199][945]LogTemp: Repeating last play command: Selected Viewport
[2017.12.30-01.05.17:213][945]LogBlueprintUserMessages: Early PlayInEditor Detection: Level '/Game/SideScrollerBP/Maps/SideScrollerExampleMap.SideScrollerExampleMap:PersistentLevel' has LevelScriptBlueprint '/Game/SideScrollerBP/Maps/SideScrollerExampleMap.SideScrollerExampleMap:PersistentLevel.SideScrollerExampleMap' with GeneratedClass '/Game/SideScrollerBP/Maps/SideScrollerExampleMap.SideScrollerExampleMap_C' with ClassGeneratedBy '/Game/SideScrollerBP/Maps/SideScrollerExampleMap.SideScrollerExampleMap:PersistentLevel.SideScrollerExampleMap'
[2017.12.30-01.05.17:213][945]LogPlayLevel: PlayLevel: No blueprints needed recompiling
[2017.12.30-01.05.17:213][945]PIE: New page: PIE session: SideScrollerExampleMap (Dec 29, 2017, 3:05:17 PM)
[2017.12.30-01.05.17:213][945]LogPlayLevel: Creating play world package: /Game/SideScrollerBP/Maps/UEDPIE_0_SideScrollerExampleMap
[2017.12.30-01.05.17:232][945]LogPlayLevel: PIE: StaticDuplicateObject took: (0.019555s)
[2017.12.30-01.05.17:233][945]LogAIModule: Creating AISystem for world SideScrollerExampleMap
[2017.12.30-01.05.17:234][945]LogPlayLevel: PIE: World Init took: (0.001114s)
[2017.12.30-01.05.17:234][945]LogPlayLevel: PIE: Created PIE world by copying editor world from /Game/SideScrollerBP/Maps/SideScrollerExampleMap.SideScrollerExampleMap to /Game/SideScrollerBP/Maps/UEDPIE_0_SideScrollerExampleMap.SideScrollerExampleMap (0.021048s)
[2017.12.30-01.05.17:257][945]LogInit: XAudio2 using 'VX240M-4 (NVIDIA High Definition Audio)' : 2 channels at 48 kHz using 16 bits per sample (channel mask 0x3)
[2017.12.30-01.05.17:263][945]LogInit: FAudioDevice initialized.
[2017.12.30-01.05.17:291][945]LogLoad: Game class is 'SideScrollerGameMode_C'
[2017.12.30-01.05.17:293][945]LogWorld: Bringing World /Game/SideScrollerBP/Maps/UEDPIE_0_SideScrollerExampleMap.SideScrollerExampleMap up for play (max tick rate 0) at 2017.12.29-20.05.17
[2017.12.30-01.05.17:294][945]LogWorld: Bringing up level for play took: 0.002272
[2017.12.30-01.05.17:295][945]PIE: Play in editor start time for /Game/SideScrollerBP/Maps/UEDPIE_0_SideScrollerExampleMap -0.278
[2017.12.30-01.05.17:295][945]LogBlueprintUserMessages: Late PlayInEditor Detection: Level '/Game/SideScrollerBP/Maps/SideScrollerExampleMap.SideScrollerExampleMap:PersistentLevel' has LevelScriptBlueprint '/Game/SideScrollerBP/Maps/SideScrollerExampleMap.SideScrollerExampleMap:PersistentLevel.SideScrollerExampleMap' with GeneratedClass '/Game/SideScrollerBP/Maps/SideScrollerExampleMap.SideScrollerExampleMap_C' with ClassGeneratedBy '/Game/SideScrollerBP/Maps/SideScrollerExampleMap.SideScrollerExampleMap:PersistentLevel.SideScrollerExampleMap'
[2017.12.30-01.05.27:848][806]LogBlueprintUserMessages: Early EndPlayMap Detection: Level '/Game/SideScrollerBP/Maps/SideScrollerExampleMap.SideScrollerExampleMap:PersistentLevel' has LevelScriptBlueprint '/Game/SideScrollerBP/Maps/SideScrollerExampleMap.SideScrollerExampleMap:PersistentLevel.SideScrollerExampleMap' with GeneratedClass '/Game/SideScrollerBP/Maps/SideScrollerExampleMap.SideScrollerExampleMap_C' with ClassGeneratedBy '/Game/SideScrollerBP/Maps/SideScrollerExampleMap.SideScrollerExampleMap:PersistentLevel.SideScrollerExampleMap'
[2017.12.30-01.05.27:884][806]LogBlueprintUserMessages: Late EndPlayMap Detection: Level '/Game/SideScrollerBP/Maps/SideScrollerExampleMap.SideScrollerExampleMap:PersistentLevel' has LevelScriptBlueprint '/Game/SideScrollerBP/Maps/SideScrollerExampleMap.SideScrollerExampleMap:PersistentLevel.SideScrollerExampleMap' with GeneratedClass '/Game/SideScrollerBP/Maps/SideScrollerExampleMap.SideScrollerExampleMap_C' with ClassGeneratedBy '/Game/SideScrollerBP/Maps/SideScrollerExampleMap.SideScrollerExampleMap:PersistentLevel.SideScrollerExampleMap'
[2017.12.30-01.05.37:491][649]BlueprintLog: New page: Compile SideScrollerCharacter
[2017.12.30-01.05.40:222][856]LogTemp: Repeating last play command: Selected Viewport
[2017.12.30-01.05.40:245][856]LogBlueprintUserMessages: Early PlayInEditor Detection: Level '/Game/SideScrollerBP/Maps/SideScrollerExampleMap.SideScrollerExampleMap:PersistentLevel' has LevelScriptBlueprint '/Game/SideScrollerBP/Maps/SideScrollerExampleMap.SideScrollerExampleMap:PersistentLevel.SideScrollerExampleMap' with GeneratedClass '/Game/SideScrollerBP/Maps/SideScrollerExampleMap.SideScrollerExampleMap_C' with ClassGeneratedBy '/Game/SideScrollerBP/Maps/SideScrollerExampleMap.SideScrollerExampleMap:PersistentLevel.SideScrollerExampleMap'
[2017.12.30-01.05.40:245][856]LogPlayLevel: PlayLevel: No blueprints needed recompiling
[2017.12.30-01.05.40:245][856]PIE: New page: PIE session: SideScrollerExampleMap (Dec 29, 2017, 3:05:40 PM)
[2017.12.30-01.05.40:245][856]LogPlayLevel: Creating play world package: /Game/SideScrollerBP/Maps/UEDPIE_0_SideScrollerExampleMap
[2017.12.30-01.05.40:263][856]LogPlayLevel: PIE: StaticDuplicateObject took: (0.017299s)
[2017.12.30-01.05.40:264][856]LogAIModule: Creating AISystem for world SideScrollerExampleMap
[2017.12.30-01.05.40:264][856]LogPlayLevel: PIE: World Init took: (0.001650s)
[2017.12.30-01.05.40:265][856]LogPlayLevel: PIE: Created PIE world by copying editor world from /Game/SideScrollerBP/Maps/SideScrollerExampleMap.SideScrollerExampleMap to /Game/SideScrollerBP/Maps/UEDPIE_0_SideScrollerExampleMap.SideScrollerExampleMap (0.019404s)
[2017.12.30-01.05.40:289][856]LogInit: XAudio2 using 'VX240M-4 (NVIDIA High Definition Audio)' : 2 channels at 48 kHz using 16 bits per sample (channel mask 0x3)
[2017.12.30-01.05.40:294][856]LogInit: FAudioDevice initialized.
[2017.12.30-01.05.40:319][856]LogLoad: Game class is 'SideScrollerGameMode_C'
[2017.12.30-01.05.40:321][856]LogWorld: Bringing World /Game/SideScrollerBP/Maps/UEDPIE_0_SideScrollerExampleMap.SideScrollerExampleMap up for play (max tick rate 0) at 2017.12.29-20.05.40
[2017.12.30-01.05.40:321][856]LogWorld: Bringing up level for play took: 0.001564
[2017.12.30-01.05.40:322][856]PIE: Play in editor start time for /Game/SideScrollerBP/Maps/UEDPIE_0_SideScrollerExampleMap 0.749
[2017.12.30-01.05.40:322][856]LogBlueprintUserMessages: Late PlayInEditor Detection: Level '/Game/SideScrollerBP/Maps/SideScrollerExampleMap.SideScrollerExampleMap:PersistentLevel' has LevelScriptBlueprint '/Game/SideScrollerBP/Maps/SideScrollerExampleMap.SideScrollerExampleMap:PersistentLevel.SideScrollerExampleMap' with GeneratedClass '/Game/SideScrollerBP/Maps/SideScrollerExampleMap.SideScrollerExampleMap_C' with ClassGeneratedBy '/Game/SideScrollerBP/Maps/SideScrollerExampleMap.SideScrollerExampleMap:PersistentLevel.SideScrollerExampleMap'
[2017.12.30-01.05.54:933][197]LogBlueprintUserMessages: Early EndPlayMap Detection: Level '/Game/SideScrollerBP/Maps/SideScrollerExampleMap.SideScrollerExampleMap:PersistentLevel' has LevelScriptBlueprint '/Game/SideScrollerBP/Maps/SideScrollerExampleMap.SideScrollerExampleMap:PersistentLevel.SideScrollerExampleMap' with GeneratedClass '/Game/SideScrollerBP/Maps/SideScrollerExampleMap.SideScrollerExampleMap_C' with ClassGeneratedBy '/Game/SideScrollerBP/Maps/SideScrollerExampleMap.SideScrollerExampleMap:PersistentLevel.SideScrollerExampleMap'
[2017.12.30-01.05.54:975][197]LogBlueprintUserMessages: Late EndPlayMap Detection: Level '/Game/SideScrollerBP/Maps/SideScrollerExampleMap.SideScrollerExampleMap:PersistentLevel' has LevelScriptBlueprint '/Game/SideScrollerBP/Maps/SideScrollerExampleMap.SideScrollerExampleMap:PersistentLevel.SideScrollerExampleMap' with GeneratedClass '/Game/SideScrollerBP/Maps/SideScrollerExampleMap.SideScrollerExampleMap_C' with ClassGeneratedBy '/Game/SideScrollerBP/Maps/SideScrollerExampleMap.SideScrollerExampleMap:PersistentLevel.SideScrollerExampleMap'
[2017.12.30-01.06.27:662][ 69]BlueprintLog: New page: Compile SideScrollerCharacter
[2017.12.30-01.06.29:292][193]LogTemp: Repeating last play command: Selected Viewport
[2017.12.30-01.06.29:314][193]LogBlueprintUserMessages: Early PlayInEditor Detection: Level '/Game/SideScrollerBP/Maps/SideScrollerExampleMap.SideScrollerExampleMap:PersistentLevel' has LevelScriptBlueprint '/Game/SideScrollerBP/Maps/SideScrollerExampleMap.SideScrollerExampleMap:PersistentLevel.SideScrollerExampleMap' with GeneratedClass '/Game/SideScrollerBP/Maps/SideScrollerExampleMap.SideScrollerExampleMap_C' with ClassGeneratedBy '/Game/SideScrollerBP/Maps/SideScrollerExampleMap.SideScrollerExampleMap:PersistentLevel.SideScrollerExampleMap'
[2017.12.30-01.06.29:314][193]LogPlayLevel: PlayLevel: No blueprints needed recompiling
[2017.12.30-01.06.29:314][193]PIE: New page: PIE session: SideScrollerExampleMap (Dec 29, 2017, 3:06:29 PM)
[2017.12.30-01.06.29:315][193]LogPlayLevel: Creating play world package: /Game/SideScrollerBP/Maps/UEDPIE_0_SideScrollerExampleMap
[2017.12.30-01.06.29:334][193]LogPlayLevel: PIE: StaticDuplicateObject took: (0.019954s)
[2017.12.30-01.06.29:336][193]LogAIModule: Creating AISystem for world SideScrollerExampleMap
[2017.12.30-01.06.29:336][193]LogPlayLevel: PIE: World Init took: (0.001784s)
[2017.12.30-01.06.29:337][193]LogPlayLevel: PIE: Created PIE world by copying editor world from /Game/SideScrollerBP/Maps/SideScrollerExampleMap.SideScrollerExampleMap to /Game/SideScrollerBP/Maps/UEDPIE_0_SideScrollerExampleMap.SideScrollerExampleMap (0.022224s)
[2017.12.30-01.06.29:362][193]LogInit: XAudio2 using 'VX240M-4 (NVIDIA High Definition Audio)' : 2 channels at 48 kHz using 16 bits per sample (channel mask 0x3)
[2017.12.30-01.06.29:368][193]LogInit: FAudioDevice initialized.
[2017.12.30-01.06.29:397][193]LogLoad: Game class is 'SideScrollerGameMode_C'
[2017.12.30-01.06.29:400][193]LogWorld: Bringing World /Game/SideScrollerBP/Maps/UEDPIE_0_SideScrollerExampleMap.SideScrollerExampleMap up for play (max tick rate 0) at 2017.12.29-20.06.29
[2017.12.30-01.06.29:400][193]LogWorld: Bringing up level for play took: 0.001957
[2017.12.30-01.06.29:401][193]PIE: Play in editor start time for /Game/SideScrollerBP/Maps/UEDPIE_0_SideScrollerExampleMap -0.172
[2017.12.30-01.06.29:402][193]LogBlueprintUserMessages: Late PlayInEditor Detection: Level '/Game/SideScrollerBP/Maps/SideScrollerExampleMap.SideScrollerExampleMap:PersistentLevel' has LevelScriptBlueprint '/Game/SideScrollerBP/Maps/SideScrollerExampleMap.SideScrollerExampleMap:PersistentLevel.SideScrollerExampleMap' with GeneratedClass '/Game/SideScrollerBP/Maps/SideScrollerExampleMap.SideScrollerExampleMap_C' with ClassGeneratedBy '/Game/SideScrollerBP/Maps/SideScrollerExampleMap.SideScrollerExampleMap:PersistentLevel.SideScrollerExampleMap'
[2017.12.30-01.06.49:259][ 90]LogBlueprintUserMessages: Early EndPlayMap Detection: Level '/Game/SideScrollerBP/Maps/SideScrollerExampleMap.SideScrollerExampleMap:PersistentLevel' has LevelScriptBlueprint '/Game/SideScrollerBP/Maps/SideScrollerExampleMap.SideScrollerExampleMap:PersistentLevel.SideScrollerExampleMap' with GeneratedClass '/Game/SideScrollerBP/Maps/SideScrollerExampleMap.SideScrollerExampleMap_C' with ClassGeneratedBy '/Game/SideScrollerBP/Maps/SideScrollerExampleMap.SideScrollerExampleMap:PersistentLevel.SideScrollerExampleMap'
[2017.12.30-01.06.49:299][ 90]LogBlueprintUserMessages: Late EndPlayMap Detection: Level '/Game/SideScrollerBP/Maps/SideScrollerExampleMap.SideScrollerExampleMap:PersistentLevel' has LevelScriptBlueprint '/Game/SideScrollerBP/Maps/SideScrollerExampleMap.SideScrollerExampleMap:PersistentLevel.SideScrollerExampleMap' with GeneratedClass '/Game/SideScrollerBP/Maps/SideScrollerExampleMap.SideScrollerExampleMap_C' with ClassGeneratedBy '/Game/SideScrollerBP/Maps/SideScrollerExampleMap.SideScrollerExampleMap:PersistentLevel.SideScrollerExampleMap'
[2017.12.30-01.06.52:781][401]LogSavePackage: Save=132.97ms
[2017.12.30-01.06.52:781][401]LogSavePackage: Moving 'D:/Repos/Bergerstman/BergerstMan/Saved/SideScrollerExampleMapFF1F75D24A0AA3BAD4120D9C4B57DB5A.tmp' to 'D:/Repos/Bergerstman/BergerstMan/Content/SideScrollerBP/Maps/SideScrollerExampleMap.umap'
[2017.12.30-01.06.52:791][401]LogSavePackage: Display: Finished SavePackage D:/Repos/Bergerstman/BergerstMan/Content/SideScrollerBP/Maps/SideScrollerExampleMap.umap
[2017.12.30-01.06.53:077][401]LogSavePackage: Save=243.92ms
[2017.12.30-01.06.53:077][401]LogSavePackage: Moving 'D:/Repos/Bergerstman/BergerstMan/Saved/SideScrollerExampleMap_BuiltData92F522EA44F12BCB6FE58E92F477474C.tmp' to 'D:/Repos/Bergerstman/BergerstMan/Content/SideScrollerBP/Maps/SideScrollerExampleMap_BuiltData.uasset'
[2017.12.30-01.06.53:080][401]LogSavePackage: Display: Finished SavePackage D:/Repos/Bergerstman/BergerstMan/Content/SideScrollerBP/Maps/SideScrollerExampleMap_BuiltData.uasset
[2017.12.30-01.08.13:374][415]Cmd: OBJ SAVEPACKAGE PACKAGE="/Game/SideScrollerBP/Blueprints/SideScrollerCharacter" FILE="D:/Repos/Bergerstman/BergerstMan/Content/SideScrollerBP/Blueprints/SideScrollerCharacter.uasset" SILENT=true
[2017.12.30-01.08.13:427][415]LogSavePackage: Save=42.74ms
[2017.12.30-01.08.13:427][415]LogSavePackage: Moving 'D:/Repos/Bergerstman/BergerstMan/Saved/SideScrollerCharacterF8E9929243C9932D88DA189DEA397104.tmp' to 'D:/Repos/Bergerstman/BergerstMan/Content/SideScrollerBP/Blueprints/SideScrollerCharacter.uasset'
[2017.12.30-01.08.13:431][415]LogSavePackage: Display: Finished SavePackage D:/Repos/Bergerstman/BergerstMan/Content/SideScrollerBP/Blueprints/SideScrollerCharacter.uasset
